Build started 07/10/2018 10:38:14 PM.
     1>Project "C:\Users\Admin\Desktop\LB\1D_2D_3D_Array\1D_2D_3D_Array\1D_2D_3D_Array.vcxproj" on node 2 (build target(s)).
     1>InitializeBuildStatus:
         Touching "Debug\1D_2D_3D_Array.unsuccessfulbuild".
       ClCompile:
         C:\Program Files\Microsoft Visual Studio 10.0\VC\bin\CL.exe /c /ZI /nologo /W3 /WX- /Od /Oy- /D WIN32 /D _DEBUG /D _CONSOLE /D _UNICODE /D UNICODE /Gm /EHsc /RTC1 /MDd /GS /fp:precise /Zc:wchar_t /Zc:forScope /Fo"Debug\\" /Fd"Debug\vc100.pdb" /Gd /TP /analyze- /errorReport:prompt array.cpp
         array.cpp
       Link:
         C:\Program Files\Microsoft Visual Studio 10.0\VC\bin\link.exe /ERRORREPORT:PROMPT /OUT:"C:\Users\Admin\Desktop\LB\1D_2D_3D_Array\Debug\1D_2D_3D_Array.exe" /INCREMENTAL:NO /NOLOGO kernel32.lib user32.lib gdi32.lib winspool.lib comdlg32.lib advapi32.lib shell32.lib ole32.lib oleaut32.lib uuid.lib odbc32.lib odbccp32.lib /MANIFEST /ManifestFile:"Debug\1D_2D_3D_Array.exe.intermediate.manifest" /MANIFESTUAC:"level='asInvoker' uiAccess='false'" /DEBUG /PDB:"C:\Users\Admin\Desktop\LB\1D_2D_3D_Array\Debug\1D_2D_3D_Array.pdb" /SUBSYSTEM:CONSOLE /TLBID:1 /DYNAMICBASE /NXCOMPAT /IMPLIB:"C:\Users\Admin\Desktop\LB\1D_2D_3D_Array\Debug\1D_2D_3D_Array.lib" /MACHINE:X86 Debug\array.obj
     1>LINK : fatal error LNK1104: cannot open file 'C:\Users\Admin\Desktop\LB\1D_2D_3D_Array\Debug\1D_2D_3D_Array.exe'
     1>Done Building Project "C:\Users\Admin\Desktop\LB\1D_2D_3D_Array\1D_2D_3D_Array\1D_2D_3D_Array.vcxproj" (build target(s)) -- FAILED.

Build FAILED.

Time Elapsed 00:00:00.64
